<?xml version="1.0" encoding="UTF-8"?>
<testsuite name="Find the hotel in DX HOTEL page" tests="1" skipped="0" failures="0" errors="0" timestamp="2020-12-27T20:15:15" hostname="DESKTOP-QA9DR6D" time="67.062">
  <properties/>
  <testcase name="I need to find the cheaper hotel" classname="Find the hotel in DX HOTEL page" time="67.062"/>
  <system-out><![CDATA[]]></system-out>
  <system-err><![CDATA[Starting ChromeDriver 86.0.4240.22 (398b0743353ff36fb1b82468f63a3a93b4e2e89e-refs/branch-heads/4240@{#378}) on port 32679
Only local connections are allowed.
Please see https://chromedriver.chromium.org/security-considerations for suggestions on keeping ChromeDriver safe.
ChromeDriver was started successfully.
dic 27, 2020 3:15:25 PM org.openqa.selenium.remote.ProtocolHandshake createSession
INFORMACIÓN: Detected dialect: W3C
]]></system-err>
</testsuite>
